<?xml version="1.0" encoding="UTF-8"?>
<!-- Generated by org.testng.reporters.JUnitReportReporter -->
<testsuite hostname="DESKTOP-OCKNQPC" failures="0" tests="2" name="test.WithoutFactory" time="13.805" errors="0" timestamp="2023-06-27T16:40:40 IST" skipped="0">
  <testcase classname="test.WithoutFactory" name="startBrowser" time="8.821"/>
  <system-out/>
  <testcase classname="test.WithoutFactory" name="login" time="4.984"/>
  <system-out/>
</testsuite> <!-- test.WithoutFactory -->
