<?xml version="1.0" encoding="UTF-8"?>
<!-- Generated by org.testng.reporters.JUnitReportReporter -->
<testsuite hostname="DESKTOP-OCKNQPC" failures="0" tests="5" name="test.Validate" time="17.970" errors="0" timestamp="2023-06-26T18:03:07 IST" skipped="0">
  <testcase classname="test.Validate" name="openBrowser" time="5.432"/>
  <system-out/>
  <testcase classname="test.Validate" name="login" time="6.411"/>
  <system-out/>
  <testcase classname="test.Validate" name="booking" time="0.639"/>
  <system-out/>
  <testcase classname="test.Validate" name="screenshot" time="0.343"/>
  <system-out/>
  <testcase classname="test.Validate" name="alert" time="5.145"/>
  <system-out/>
</testsuite> <!-- test.Validate -->
