<?xml version="1.0" encoding="UTF-8"?>
<!-- Generated by org.testng.reporters.JUnitReportReporter -->
<testsuite hostname="DESKTOP-OCKNQPC" failures="0" tests="3" name="selenium.Action" time="9.164" errors="0" timestamp="2023-07-07T16:45:11 IST" skipped="0">
  <testcase classname="selenium.Action" name="startTest" time="5.821"/>
  <system-out/>
  <testcase classname="selenium.Action" name="login" time="3.302"/>
  <system-out/>
  <testcase classname="selenium.Action" name="booking" time="0.041"/>
  <system-out/>
</testsuite> <!-- selenium.Action -->
